<?xml version="1.0" encoding="UTF-8"?>
<testng-results skipped="0" failed="0" ignored="0" total="1" passed="1">
  <reporter-output>
  </reporter-output>
  <suite name="Default suite" duration-ms="13049" started-at="2020-05-27T19:33:13 IST" finished-at="2020-05-27T19:33:26 IST">
    <groups>
    </groups>
    <test name="Default test" duration-ms="13049" started-at="2020-05-27T19:33:13 IST" finished-at="2020-05-27T19:33:26 IST">
      <class name="com.Day3.Selenium.SelectFacebookDropdown2">
        <test-method status="PASS" signature="selectDDValues()[pri:0, instance:com.Day3.Selenium.SelectFacebookDropdown2@4b4523f8]" name="selectDDValues" duration-ms="13006" started-at="2020-05-27T19:33:13 IST" finished-at="2020-05-27T19:33:26 IST">
          <reporter-output>
          </reporter-output>
        </test-method> <!-- selectDDValues -->
      </class> <!-- com.Day3.Selenium.SelectFacebookDropdown2 -->
    </test> <!-- Default test -->
  </suite> <!-- Default suite -->
</testng-results>
